<?xml version="1.0" encoding="UTF-8"?>
<!-- Generated by org.testng.reporters.JUnitReportReporter -->
<testsuite skipped="0" hostname="LwyzHpLap" name="com.crm.qa.testcases.LoginPageTest" tests="3" failures="0" timestamp="22 Mar 2018 22:56:12 GMT" time="37.574" errors="0">
  <testcase name="loginPageTitleTest" time="11.945" classname="com.crm.qa.testcases.LoginPageTest"/>
  <testcase name="crmLogoImageTest" time="13.158" classname="com.crm.qa.testcases.LoginPageTest"/>
  <testcase name="loginTest" time="12.471" classname="com.crm.qa.testcases.LoginPageTest"/>
</testsuite> <!-- com.crm.qa.testcases.LoginPageTest -->
