<?xml version="1.0" encoding="UTF-8"?>
<!-- Generated by org.testng.reporters.JUnitReportReporter -->
<testsuite skipped="0" hostname="LwyzHpLap" name="com.crm.qa.testcases.HomePageTest" tests="3" failures="0" timestamp="22 Mar 2018 22:56:12 GMT" time="46.290" errors="0">
  <testcase name="verifyHomePageTitleTest" time="14.361" classname="com.crm.qa.testcases.HomePageTest"/>
  <testcase name="verifyUserNameTest" time="16.563" classname="com.crm.qa.testcases.HomePageTest"/>
  <testcase name="verifyContactLinkTest" time="15.366" classname="com.crm.qa.testcases.HomePageTest"/>
</testsuite> <!-- com.crm.qa.testcases.HomePageTest -->
