<?xml version="1.0" encoding="UTF-8"?>
<!-- Generated by org.testng.reporters.JUnitReportReporter -->
<testsuite skipped="0" hostname="LwyzHpLap" name="com.crm.qa.testcases.LoginPageTest" tests="1" failures="0" timestamp="22 Mar 2018 23:22:32 GMT" time="12.247" errors="0">
  <testcase name="loginPageTitleTest" time="12.247" classname="com.crm.qa.testcases.LoginPageTest"/>
</testsuite> <!-- com.crm.qa.testcases.LoginPageTest -->
