<?xml version="1.0" encoding="UTF-8"?>
<!-- Generated by org.testng.reporters.JUnitReportReporter -->
<testsuite skipped="0" hostname="LwyzHpLap" name="com.crm.qa.testcases.HomePageTest" tests="1" failures="0" timestamp="22 Mar 2018 23:22:32 GMT" time="15.515" errors="0">
  <testcase name="verifyHomePageTitleTest" time="15.515" classname="com.crm.qa.testcases.HomePageTest"/>
</testsuite> <!-- com.crm.qa.testcases.HomePageTest -->
