<?xml version="1.0" encoding="UTF-8"?>
<!-- Generated by org.testng.reporters.JUnitReportReporter -->
<testsuite skipped="0" hostname="LwyzHpLap" name="com.crm.qa.testcases.ContactsPageTest" tests="1" failures="0" timestamp="22 Mar 2018 23:22:32 GMT" time="19.010" errors="0">
  <testcase name="verifyContactsPageLabel" time="19.010" classname="com.crm.qa.testcases.ContactsPageTest"/>
</testsuite> <!-- com.crm.qa.testcases.ContactsPageTest -->
